=== FORM SUBMISSION 2025-11-16 21:37:52 ===
POST data: Array
(
)

Name: 
Email: 
Phone: 
Comments: 
ERROR: Empty name
=== FORM SUBMISSION 2025-11-16 21:38:10 ===
POST data: Array
(
)

Name: 
Email: 
Phone: 
Comments: 
ERROR: Empty name
=== FORM SUBMISSION 2025-11-16 21:46:06 ===
POST data: Array
(
)

Name: 
Email: 
Phone: 
Comments: 
ERROR: Empty name
=== FORM SUBMISSION 2025-11-16 21:49:58 ===
POST data: Array
(
)

Name: 
Email: 
Phone: 
Comments: 
ERROR: Empty name
=== FORM SUBMISSION 2025-11-16 21:50:08 ===
POST data: Array
(
)

Name: 
Email: 
Phone: 
Comments: 
ERROR: Empty name
=== FORM SUBMISSION 2025-11-16 21:50:20 ===
POST data: Array
(
)

Name: 
Email: 
Phone: 
Comments: 
ERROR: Empty name
=== FORM SUBMISSION 2025-11-16 21:50:34 ===
POST data: Array
(
)

Name: 
Email: 
Phone: 
Comments: 
ERROR: Empty name
=== FORM SUBMISSION 2025-11-16 21:51:50 ===
POST data: Array
(
)

Name: 
Email: 
Phone: 
Comments: 
ERROR: Empty name
=== DEBUG 2025-11-16 21:54:06 ===
POST: Array
(
)

REQUEST_METHOD: GET
=== END ===

=== DEBUG 2025-11-16 21:54:28 ===
POST: Array
(
)

REQUEST_METHOD: GET
=== END ===

=== DEBUG 2025-11-16 21:57:21 ===
POST: Array
(
)

REQUEST_METHOD: GET
=== END ===

=== DEBUG 2025-11-16 22:03:58 ===
POST: Array
(
)

REQUEST_METHOD: GET
=== END ===

